finish reading
Solid Extend Tree finish

9 0 2
5 1 2
1 1 1
1 1 1
1 1 1
2 1 1
5 1 1
1 1 1
2 1 1
1 1 1
1 1 1
1 1 1
2 1 1
3 1 1
1 1 1
1 1 1
1 1 1
1 1 1
1 1 1
1 0 3
2 1 1
2 1 1
2 1 1
2 1 1
3 1 1
4 1 1
9 1 1
3 0 3
24 1 0
11 1 1
19 1 0
10 0 2
11 1 0
20 1 0
1 1 1
4 1 1
2 1 1
1 1 1
7 1 1
4 1 1
5 1 1
3 0 2
5 1 0
2 1 1
21 1 0
3 1 1
3 1 1
1 1 1
1 1 1
7 1 1
4 1 1
1 1 1
4 1 1
3 0 3
5 1 1
5 0 2
14 1 0
20 1 0
2 1 1
8 0 2
11 1 0
14 1 0
10 0 2
20 1 0
20 1 0
4 1 1
2 1 1
6 1 1
1 1 1
5 1 1
3 1 1
4 1 1
2 0 2
5 1 1
10 1 1
9 1 0
15 1 1
9 1 1
1 1 1
12 0 2
11 1 0
14 1 0
5 0 2
21 1 1
57 1 0
12 1 1
9 1 0
CT 11
